<?xml version="1.0" encoding="UTF-8"?>
<!-- Generated by org.testng.reporters.JUnitReportReporter -->
<testsuite hostname="subham" failures="0" tests="7" name="com.healthcare.Medicave.doctor.ExcelDatGenericTest" time="0.008" errors="0" timestamp="2024-01-16T17:55:44 IST" skipped="0">
  <testcase classname="com.healthcare.Medicave.doctor.ExcelDatGenericTest" name="test" time="0.001"/>
  <system-out/>
  <testcase classname="com.healthcare.Medicave.doctor.ExcelDatGenericTest" name="test" time="0.000"/>
  <system-out/>
  <testcase classname="com.healthcare.Medicave.doctor.ExcelDatGenericTest" name="test" time="0.004"/>
  <system-out/>
  <testcase classname="com.healthcare.Medicave.doctor.ExcelDatGenericTest" name="test" time="0.000"/>
  <system-out/>
  <testcase classname="com.healthcare.Medicave.doctor.ExcelDatGenericTest" name="test" time="0.000"/>
  <system-out/>
  <testcase classname="com.healthcare.Medicave.doctor.ExcelDatGenericTest" name="test" time="0.001"/>
  <system-out/>
  <testcase classname="com.healthcare.Medicave.doctor.ExcelDatGenericTest" name="test" time="0.002"/>
  <system-out/>
</testsuite> <!-- com.healthcare.Medicave.doctor.ExcelDatGenericTest -->
