<?xml version="1.0" encoding="UTF-8"?>
<!-- Generated by org.testng.reporters.JUnitReportReporter -->
<testsuite hostname="subham" failures="0" tests="2" name="TestNg.TestNgClassTest" time="0.008" errors="0" timestamp="2024-01-17T11:03:39 IST" skipped="0">
  <testcase classname="TestNg.TestNgClassTest" name="createTest" time="0.005"/>
  <system-out/>
  <testcase classname="TestNg.TestNgClassTest" name="orgTest" time="0.003"/>
  <system-out/>
</testsuite> <!-- TestNg.TestNgClassTest -->
