<?xml version="1.0" encoding="UTF-8"?>
<!-- Generated by org.testng.reporters.JUnitReportReporter -->
<testsuite hostname="subham" failures="0" tests="2" name="com.healthcare.Medicave.DoctorModule.ManagePatientTest" time="7.628" errors="0" timestamp="2024-01-19T18:03:58 IST" skipped="0">
  <testcase classname="com.healthcare.Medicave.DoctorModule.ManagePatientTest" name="updatePatientTest" time="3.599"/>
  <system-out>
    <![CDATA[updatePatientTest Execution Started 
Update the Patient details
updatePatientTest Execution Successfull ]]>
  </system-out>
  <testcase classname="com.healthcare.Medicave.DoctorModule.ManagePatientTest" name="createPatientMedicalReport" time="4.029"/>
  <system-out>
    <![CDATA[createPatientMedicalReport Execution Started 
Medical Report is Added
createPatientMedicalReport Execution Successfull ]]>
  </system-out>
</testsuite> <!-- com.healthcare.Medicave.DoctorModule.ManagePatientTest -->
