<?xml version="1.0" encoding="UTF-8"?>
<!-- Generated by org.testng.reporters.JUnitReportReporter -->
<testsuite hostname="subham" failures="0" tests="1" name="com.healthcare.Medicave.AdminModule.LoginTest" time="2.570" errors="0" timestamp="2024-01-18T13:06:43 IST" skipped="0">
  <testcase classname="com.healthcare.Medicave.AdminModule.LoginTest" name="loginApplicationTest" time="2.570"/>
  <system-out/>
</testsuite> <!-- com.healthcare.Medicave.AdminModule.LoginTest -->
