<?xml version="1.0" encoding="UTF-8"?>
<!-- Generated by org.testng.reporters.JUnitReportReporter -->
<testsuite hostname="subham" failures="0" tests="1" name="com.healthcare.Medicave.DoctorModule.AddPatientTest" time="4.745" errors="0" timestamp="2024-01-19T16:06:19 IST" skipped="0">
  <testcase classname="com.healthcare.Medicave.DoctorModule.AddPatientTest" name="addPatientTest" time="4.745"/>
  <system-out>
    <![CDATA[Patient Added]]>
  </system-out>
</testsuite> <!-- com.healthcare.Medicave.DoctorModule.AddPatientTest -->
