<?xml version="1.0" encoding="UTF-8"?>
<!-- Generated by org.testng.reporters.JUnitReportReporter -->
<testsuite hostname="subham" failures="0" tests="3" name="com.healthcare.Medicave.DoctorModule.UpdatePatientDetailsTest" time="9.760" errors="0" timestamp="2024-01-19T17:41:33 IST" skipped="0">
  <testcase classname="com.healthcare.Medicave.DoctorModule.UpdatePatientDetailsTest" name="addPatientTest" time="3.584"/>
  <system-out>
    <![CDATA[addPatientTest Execution Started 
Patient Added
addPatientTest Execution Successfull ]]>
  </system-out>
  <testcase classname="com.healthcare.Medicave.DoctorModule.UpdatePatientDetailsTest" name="updatePatientTest" time="2.852"/>
  <system-out>
    <![CDATA[updatePatientTest Execution Started 
Update the Patient details
updatePatientTest Execution Successfull ]]>
  </system-out>
  <testcase classname="com.healthcare.Medicave.DoctorModule.UpdatePatientDetailsTest" name="createPatientMedicalReport" time="3.324"/>
  <system-out>
    <![CDATA[createPatientMedicalReport Execution Started 
Medical Report is Added
createPatientMedicalReport Execution Successfull ]]>
  </system-out>
</testsuite> <!-- com.healthcare.Medicave.DoctorModule.UpdatePatientDetailsTest -->
