<?xml version="1.0" encoding="UTF-8"?>
<!-- Generated by org.testng.reporters.JUnitReportReporter -->
<testsuite hostname="subham" failures="0" tests="2" name="TestNg.TestNg2ClassTest" time="0.015" errors="0" timestamp="2024-01-17T11:04:50 IST" skipped="0">
  <testcase classname="TestNg.TestNg2ClassTest" name="orgTest" time="0.002"/>
  <system-out/>
  <testcase classname="TestNg.TestNg2ClassTest" name="createTest" time="0.013"/>
  <system-out/>
</testsuite> <!-- TestNg.TestNg2ClassTest -->
