<?xml version="1.0" encoding="UTF-8"?>
<!-- Generated by org.testng.reporters.JUnitReportReporter -->
<testsuite hostname="subham" failures="0" tests="1" name="com.healthcare.Medicave.AdminModule.AddDoctorTest" time="4.722" errors="0" timestamp="2024-02-01T13:38:37 IST" skipped="0">
  <testcase classname="com.healthcare.Medicave.AdminModule.AddDoctorTest" name="addDoctorTest" time="4.722"/>
  <system-out>
    <![CDATA[addDoctorTest Execution Started 
Doctor is added successfully
Doctor is Added
addDoctorTest Execution Successfull ]]>
  </system-out>
</testsuite> <!-- com.healthcare.Medicave.AdminModule.AddDoctorTest -->
